Release 14.7 - xst P.20131013 (nt)
Copyright (c) 1995-2013 Xilinx, Inc.  All rights reserved.
--> Parameter TMPDIR set to xst/projnav.tmp


Total REAL time to Xst completion: 0.00 secs
Total CPU time to Xst completion: 0.07 secs
 
--> Parameter xsthdpdir set to xst


Total REAL time to Xst completion: 0.00 secs
Total CPU time to Xst completion: 0.07 secs
 
--> Reading design: topmuz.prj

TABLE OF CONTENTS
  1) Synthesis Options Summary
  2) HDL Compilation
  3) Design Hierarchy Analysis
  4) HDL Analysis
  5) HDL Synthesis
     5.1) HDL Synthesis Report
  6) Advanced HDL Synthesis
     6.1) Advanced HDL Synthesis Report
  7) Low Level Synthesis
  8) Partition Report
  9) Final Report
	9.1) Device utilization summary
	9.2) Partition Resource Summary
	9.3) TIMING REPORT


=========================================================================
*                      Synthesis Options Summary                        *
=========================================================================
---- Source Parameters
Input File Name                    : "topmuz.prj"
Input Format                       : mixed
Ignore Synthesis Constraint File   : NO

---- Target Parameters
Output File Name                   : "topmuz"
Output Format                      : NGC
Target Device                      : xc3s500e-4-fg320

---- Source Options
Top Module Name                    : topmuz
Automatic FSM Extraction           : YES
FSM Encoding Algorithm             : Auto
Safe Implementation                : No
FSM Style                          : LUT
RAM Extraction                     : Yes
RAM Style                          : Auto
ROM Extraction                     : Yes
Mux Style                          : Auto
Decoder Extraction                 : YES
Priority Encoder Extraction        : Yes
Shift Register Extraction          : YES
Logical Shifter Extraction         : YES
XOR Collapsing                     : YES
ROM Style                          : Auto
Mux Extraction                     : Yes
Resource Sharing                   : YES
Asynchronous To Synchronous        : NO
Multiplier Style                   : Auto
Automatic Register Balancing       : No

---- Target Options
Add IO Buffers                     : YES
Global Maximum Fanout              : 100000
Add Generic Clock Buffer(BUFG)     : 24
Register Duplication               : YES
Slice Packing                      : YES
Optimize Instantiated Primitives   : NO
Use Clock Enable                   : Yes
Use Synchronous Set                : Yes
Use Synchronous Reset              : Yes
Pack IO Registers into IOBs        : Auto
Equivalent register Removal        : YES

---- General Options
Optimization Goal                  : Speed
Optimization Effort                : 1
Keep Hierarchy                     : No
Netlist Hierarchy                  : As_Optimized
RTL Output                         : Yes
Global Optimization                : AllClockNets
Read Cores                         : YES
Write Timing Constraints           : NO
Cross Clock Analysis               : NO
Hierarchy Separator                : /
Bus Delimiter                      : <>
Case Specifier                     : Maintain
Slice Utilization Ratio            : 100
BRAM Utilization Ratio             : 100
Verilog 2001                       : YES
Auto BRAM Packing                  : NO
Slice Utilization Ratio Delta      : 5

---- Other Options
Cores Search Directories           : {"ipcore_dir"  }

=========================================================================


=========================================================================
*                          HDL Compilation                              *
=========================================================================
WARNING:HDLParsers:3498 - No primary, secondary unit in the file "C:/Users/dinazor/Documents/4.2/EEE 491/Lab02/LAB02/ipcore_dir/fft_core.vhd. Ignore this file from project file "C:/Users/dinazor/Documents/4.2/EEE 491/Lab02/LAB02/topmuz_vhdl.prj".
Compiling vhdl file "C:/Users/dinazor/Documents/4.2/EEE 491/Lab02/LAB02/ipcore_dir/Block_RAM.vhd" in Library work.
Architecture block_ram_a of Entity block_ram is up to date.
Compiling vhdl file "C:/Users/dinazor/Documents/4.2/EEE 491/Lab02/LAB02/ipcore_dir/MUL.vhd" in Library work.
Architecture mul_a of Entity mul is up to date.
Compiling vhdl file "C:/Users/dinazor/Documents/4.2/EEE 491/Lab02/LAB02/ipcore_dir/SQRT.vhd" in Library work.
Architecture sqrt_a of Entity sqrt is up to date.
Compiling vhdl file "C:/Users/dinazor/Documents/4.2/EEE 491/Lab02/LAB02/topmuz.vhd" in Library work.
Entity <topmuz> compiled.
ERROR:HDLParsers:856 - "C:/Users/dinazor/Documents/4.2/EEE 491/Lab02/LAB02/topmuz.vhd" Line 126. No default value for unconnected port <xn_im>.
ERROR:HDLParsers:164 - "C:/Users/dinazor/Documents/4.2/EEE 491/Lab02/LAB02/topmuz.vhd" Line 170. parse error, unexpected EQ
ERROR:HDLParsers:164 - "C:/Users/dinazor/Documents/4.2/EEE 491/Lab02/LAB02/topmuz.vhd" Line 173. parse error, unexpected IF, expecting PROCESS
--> 

Total memory usage is 184720 kilobytes

Number of errors   :    3 (   0 filtered)
Number of warnings :    1 (   0 filtered)
Number of infos    :    0 (   0 filtered)

